<?xml version="1.0" encoding="UTF-8"?>
<!-- Generated by org.testng.reporters.JUnitXMLReporter -->
<testsuite hostname="C100-17" ignored="0" name="Contact " tests="5" failures="0" timestamp="01 Nov 2018 10:33:07 GMT" time="15.358" errors="0">
  <testcase name="verifyConatctPageTitle" time="0.757" classname="com.practice.testcases.ContactTest"/>
  <testcase name="removeName" time="2.173" classname="com.practice.testcases.ContactTest"/>
  <testcase name="removeEmail" time="1.746" classname="com.practice.testcases.ContactTest"/>
  <testcase name="removeMobile" time="2.581" classname="com.practice.testcases.ContactTest"/>
  <testcase name="removeMsg" time="1.836" classname="com.practice.testcases.ContactTest"/>
</testsuite> <!-- Contact  -->
