<?xml version="1.0" encoding="UTF-8"?>
<!-- Generated by org.testng.reporters.JUnitXMLReporter -->
<testsuite hostname="C100-17" ignored="0" name="Data Driven" tests="6" failures="0" timestamp="01 Nov 2018 10:30:33 GMT" time="34.687" errors="0">
  <testcase name="login" time="0.11" classname="com.practice.testcases.LoginDataDrivenTest"/>
  <testcase name="logindata_driver" time="6.582" classname="com.practice.testcases.LoginDataDrivenTest"/>
  <testcase name="logindata_driver" time="3.423" classname="com.practice.testcases.LoginDataDrivenTest"/>
  <testcase name="logindata_driver" time="3.313" classname="com.practice.testcases.LoginDataDrivenTest"/>
  <testcase name="logindata_driver" time="3.353" classname="com.practice.testcases.LoginDataDrivenTest"/>
  <testcase name="logindata_driver" time="6.723" classname="com.practice.testcases.LoginDataDrivenTest"/>
</testsuite> <!-- Data Driven -->
