<?xml version="1.0" encoding="UTF-8"?>
<!-- Generated by org.testng.reporters.JUnitXMLReporter -->
<testsuite hostname="C100-17" ignored="0" name="End2End" tests="11" failures="0" timestamp="01 Nov 2018 10:35:30 GMT" time="124.742" errors="0">
  <testcase name="SignUp" time="30.712" classname="com.practice.testcases.E2ETest"/>
  <testcase name="invalidLogin" time="7.356" classname="com.practice.testcases.E2ETest"/>
  <testcase name="validLogin" time="6.51" classname="com.practice.testcases.E2ETest"/>
  <testcase name="loginDataDriven" time="7.529" classname="com.practice.testcases.E2ETest"/>
  <testcase name="loginDataDriven" time="4.352" classname="com.practice.testcases.E2ETest"/>
  <testcase name="loginDataDriven" time="4.311" classname="com.practice.testcases.E2ETest"/>
  <testcase name="loginDataDriven" time="4.287" classname="com.practice.testcases.E2ETest"/>
  <testcase name="loginDataDriven" time="8.318" classname="com.practice.testcases.E2ETest"/>
  <testcase name="viewProfile" time="29.87" classname="com.practice.testcases.E2ETest"/>
  <testcase name="contact" time="7.441" classname="com.practice.testcases.E2ETest"/>
  <testcase name="verifyListing" time="8.344" classname="com.practice.testcases.E2ETest"/>
</testsuite> <!-- End2End -->
