<?xml version="1.0" encoding="UTF-8"?>
<!-- Generated by org.testng.reporters.JUnitXMLReporter -->
<testsuite hostname="C100-17" ignored="0" name="firefox Data Driven" tests="6" failures="0" timestamp="01 Nov 2018 10:37:53 GMT" time="43.639" errors="0">
  <testcase name="login" time="0.189" classname="com.practice.testcases.LoginDataDrivenTest"/>
  <testcase name="logindata_driver" time="6.825" classname="com.practice.testcases.LoginDataDrivenTest"/>
  <testcase name="logindata_driver" time="3.431" classname="com.practice.testcases.LoginDataDrivenTest"/>
  <testcase name="logindata_driver" time="3.313" classname="com.practice.testcases.LoginDataDrivenTest"/>
  <testcase name="logindata_driver" time="3.384" classname="com.practice.testcases.LoginDataDrivenTest"/>
  <testcase name="logindata_driver" time="7.005" classname="com.practice.testcases.LoginDataDrivenTest"/>
</testsuite> <!-- firefox Data Driven -->
