<?xml version="1.0" encoding="UTF-8"?>
<!-- Generated by org.testng.reporters.JUnitXMLReporter -->
<testsuite hostname="C100-17" ignored="0" name="Firefox Contact " tests="5" failures="0" timestamp="01 Nov 2018 10:40:30 GMT" time="19.162" errors="0">
  <testcase name="verifyConatctPageTitle" time="0.969" classname="com.practice.testcases.ContactTest"/>
  <testcase name="removeName" time="1.625" classname="com.practice.testcases.ContactTest"/>
  <testcase name="removeEmail" time="1.382" classname="com.practice.testcases.ContactTest"/>
  <testcase name="removeMobile" time="1.438" classname="com.practice.testcases.ContactTest"/>
  <testcase name="removeMsg" time="1.777" classname="com.practice.testcases.ContactTest"/>
</testsuite> <!-- Firefox Contact  -->
