<?xml version="1.0" encoding="UTF-8"?>
<!-- Generated by org.testng.reporters.JUnitXMLReporter -->
<testsuite hostname="C100-17" ignored="0" name="firefox Invalid Login" tests="3" failures="0" timestamp="01 Nov 2018 10:36:52 GMT" time="26.33" errors="0">
  <testcase name="balnk_fields" time="2.872" classname="com.practice.testcases.InvalidLoginTest"/>
  <testcase name="balnk_password_fields" time="2.808" classname="com.practice.testcases.InvalidLoginTest"/>
  <testcase name="balnk_Email_fields" time="6.216" classname="com.practice.testcases.InvalidLoginTest"/>
</testsuite> <!-- firefox Invalid Login -->
