<?xml version="1.0" encoding="UTF-8"?>
<!-- Generated by org.testng.reporters.JUnitXMLReporter -->
<testsuite hostname="C100-17" ignored="0" name="firefox View Profile Data Driven" tests="6" failures="0" timestamp="01 Nov 2018 10:39:33 GMT" time="99.236" errors="0">
  <testcase name="viewprofile_login" time="2.104" classname="com.practice.testcases.ViewProfileDatadrivenTest"/>
  <testcase name="viewprofile_datadriven" time="28.538" classname="com.practice.testcases.ViewProfileDatadrivenTest"/>
  <testcase name="viewprofile_datadriven" time="11.452" classname="com.practice.testcases.ViewProfileDatadrivenTest"/>
  <testcase name="viewprofile_datadriven" time="11.463" classname="com.practice.testcases.ViewProfileDatadrivenTest"/>
  <testcase name="viewprofile_datadriven" time="11.41" classname="com.practice.testcases.ViewProfileDatadrivenTest"/>
  <testcase name="viewprofile_datadriven" time="21.141" classname="com.practice.testcases.ViewProfileDatadrivenTest"/>
</testsuite> <!-- firefox View Profile Data Driven -->
