<?xml version="1.0" encoding="UTF-8"?>
<!-- Generated by org.testng.reporters.JUnitXMLReporter -->
<testsuite hostname="C100-17" ignored="0" name="firefox View Profile" tests="7" failures="0" timestamp="01 Nov 2018 10:40:11 GMT" time="37.902" errors="0">
  <testcase name="login" time="0.594" classname="com.practice.testcases.ViewProfileTest"/>
  <testcase name="edit_profile_remove_firstname" time="12.286" classname="com.practice.testcases.ViewProfileTest"/>
  <testcase name="remove_lastName" time="2.649" classname="com.practice.testcases.ViewProfileTest"/>
  <testcase name="remove_mobile" time="2.733" classname="com.practice.testcases.ViewProfileTest"/>
  <testcase name="remove_firstname_withoutfilling_cutrrent_password" time="2.55" classname="com.practice.testcases.ViewProfileTest"/>
  <testcase name="remove_lasname_withoutfilling_cutrrent_password" time="2.568" classname="com.practice.testcases.ViewProfileTest"/>
  <testcase name="remove_mobile_withoutfilling_cutrrent_password" time="2.624" classname="com.practice.testcases.ViewProfileTest"/>
</testsuite> <!-- firefox View Profile -->
