<?xml version="1.0" encoding="UTF-8"?>
<!-- Generated by org.testng.reporters.JUnitXMLReporter -->
<testsuite hostname="C100-17" ignored="0" name="firefox End2End" tests="11" failures="0" timestamp="01 Nov 2018 10:43:19 GMT" time="148.363" errors="0">
  <testcase name="SignUp" time="33.513" classname="com.practice.testcases.E2ETest"/>
  <testcase name="invalidLogin" time="10.473" classname="com.practice.testcases.E2ETest"/>
  <testcase name="validLogin" time="8.082" classname="com.practice.testcases.E2ETest"/>
  <testcase name="loginDataDriven" time="7.794" classname="com.practice.testcases.E2ETest"/>
  <testcase name="loginDataDriven" time="4.342" classname="com.practice.testcases.E2ETest"/>
  <testcase name="loginDataDriven" time="4.324" classname="com.practice.testcases.E2ETest"/>
  <testcase name="loginDataDriven" time="4.335" classname="com.practice.testcases.E2ETest"/>
  <testcase name="loginDataDriven" time="7.924" classname="com.practice.testcases.E2ETest"/>
  <testcase name="viewProfile" time="34.792" classname="com.practice.testcases.E2ETest"/>
  <testcase name="contact" time="9.342" classname="com.practice.testcases.E2ETest"/>
  <testcase name="verifyListing" time="11.789" classname="com.practice.testcases.E2ETest"/>
</testsuite> <!-- firefox End2End -->
