<?xml version="1.0" encoding="UTF-8"?>
<!-- Generated by org.testng.reporters.JUnitXMLReporter -->
<testsuite hostname="C100-17" ignored="0" name="firefox Listing" tests="5" failures="0" timestamp="01 Nov 2018 10:40:51 GMT" time="20.427" errors="0">
  <testcase name="listingpageTest" time="1.783" classname="com.practice.testcases.ListingTest"/>
  <testcase name="verifyListingPageTitle" time="0.049" classname="com.practice.testcases.ListingTest"/>
  <testcase name="verifyListing_Sort" time="1.34" classname="com.practice.testcases.ListingTest"/>
  <testcase name="verifyListing_lowtohigh" time="3.206" classname="com.practice.testcases.ListingTest"/>
  <testcase name="verifyListing_hightolow" time="3.067" classname="com.practice.testcases.ListingTest"/>
</testsuite> <!-- firefox Listing -->
