<?xml version="1.0" encoding="UTF-8"?>
<!-- Generated by org.testng.reporters.JUnitXMLReporter -->
<testsuite hostname="C100-17" ignored="0" name="firefox SignUp" tests="5" failures="0" timestamp="01 Nov 2018 10:36:26 GMT" time="54.927" errors="0">
  <testcase name="without_entering_click_createAccount" time="3.842" classname="com.practice.testcases.SignUpTest"/>
  <testcase name="remove_firstname" time="7.061" classname="com.practice.testcases.SignUpTest"/>
  <testcase name="remove_lasttname" time="6.777" classname="com.practice.testcases.SignUpTest"/>
  <testcase name="remove_email" time="6.715" classname="com.practice.testcases.SignUpTest"/>
  <testcase name="remove_password" time="10.286" classname="com.practice.testcases.SignUpTest"/>
</testsuite> <!-- firefox SignUp -->
