<?xml version="1.0" encoding="UTF-8"?>
<!-- Generated by org.testng.reporters.JUnitXMLReporter -->
<testsuite hostname="C100-17" ignored="0" name="Invalid Login" tests="3" failures="0" timestamp="01 Nov 2018 10:29:48 GMT" time="14.126" errors="0">
  <testcase name="balnk_fields" time="2.28" classname="com.practice.testcases.InvalidLoginTest"/>
  <testcase name="balnk_password_fields" time="2.297" classname="com.practice.testcases.InvalidLoginTest"/>
  <testcase name="balnk_Email_fields" time="3.027" classname="com.practice.testcases.InvalidLoginTest"/>
</testsuite> <!-- Invalid Login -->
