<?xml version="1.0" encoding="UTF-8"?>
<!-- Generated by org.testng.reporters.JUnitXMLReporter -->
<testsuite hostname="C100-17" ignored="0" name="Listing" tests="5" failures="0" timestamp="01 Nov 2018 10:33:26 GMT" time="18.98" errors="0">
  <testcase name="listingpageTest" time="1.768" classname="com.practice.testcases.ListingTest"/>
  <testcase name="verifyListingPageTitle" time="0.169" classname="com.practice.testcases.ListingTest"/>
  <testcase name="verifyListing_Sort" time="1.341" classname="com.practice.testcases.ListingTest"/>
  <testcase name="verifyListing_lowtohigh" time="3.06" classname="com.practice.testcases.ListingTest"/>
  <testcase name="verifyListing_hightolow" time="2.991" classname="com.practice.testcases.ListingTest"/>
</testsuite> <!-- Listing -->
