<?xml version="1.0" encoding="UTF-8"?>
<!-- Generated by org.testng.reporters.JUnitXMLReporter -->
<testsuite hostname="C100-17" ignored="0" name="SignUp" tests="5" failures="0" timestamp="01 Nov 2018 10:29:33 GMT" time="42.58" errors="0">
  <testcase name="without_entering_click_createAccount" time="3.233" classname="com.practice.testcases.SignUpTest"/>
  <testcase name="remove_firstname" time="6.694" classname="com.practice.testcases.SignUpTest"/>
  <testcase name="remove_lasttname" time="6.588" classname="com.practice.testcases.SignUpTest"/>
  <testcase name="remove_email" time="6.527" classname="com.practice.testcases.SignUpTest"/>
  <testcase name="remove_password" time="7.99" classname="com.practice.testcases.SignUpTest"/>
</testsuite> <!-- SignUp -->
