<?xml version="1.0" encoding="UTF-8"?>
<!-- Generated by org.testng.reporters.JUnitXMLReporter -->
<testsuite hostname="C100-17" ignored="0" name="View Profile " tests="7" failures="0" timestamp="01 Nov 2018 10:32:51 GMT" time="40.357" errors="0">
  <testcase name="login" time="0.521" classname="com.practice.testcases.ViewProfileTest"/>
  <testcase name="edit_profile_remove_firstname" time="17.051" classname="com.practice.testcases.ViewProfileTest"/>
  <testcase name="remove_lastName" time="2.791" classname="com.practice.testcases.ViewProfileTest"/>
  <testcase name="remove_mobile" time="2.885" classname="com.practice.testcases.ViewProfileTest"/>
  <testcase name="remove_firstname_withoutfilling_cutrrent_password" time="2.723" classname="com.practice.testcases.ViewProfileTest"/>
  <testcase name="remove_lasname_withoutfilling_cutrrent_password" time="2.672" classname="com.practice.testcases.ViewProfileTest"/>
  <testcase name="remove_mobile_withoutfilling_cutrrent_password" time="2.765" classname="com.practice.testcases.ViewProfileTest"/>
</testsuite> <!-- View Profile  -->
