<?xml version="1.0" encoding="UTF-8"?>
<!-- Generated by org.testng.reporters.JUnitXMLReporter -->
<testsuite hostname="C100-17" ignored="0" name="View Profile Data Driven" tests="6" failures="0" timestamp="01 Nov 2018 10:32:11 GMT" time="97.544" errors="0">
  <testcase name="viewprofile_login" time="2.076" classname="com.practice.testcases.ViewProfileDatadrivenTest"/>
  <testcase name="viewprofile_datadriven" time="33.691" classname="com.practice.testcases.ViewProfileDatadrivenTest"/>
  <testcase name="viewprofile_datadriven" time="11.393" classname="com.practice.testcases.ViewProfileDatadrivenTest"/>
  <testcase name="viewprofile_datadriven" time="11.309" classname="com.practice.testcases.ViewProfileDatadrivenTest"/>
  <testcase name="viewprofile_datadriven" time="11.348" classname="com.practice.testcases.ViewProfileDatadrivenTest"/>
  <testcase name="viewprofile_datadriven" time="20.733" classname="com.practice.testcases.ViewProfileDatadrivenTest"/>
</testsuite> <!-- View Profile Data Driven -->
